[2024-02-19T09:51:29.742268+00:00] main.CRITICAL: CredisException: Connection to Redis tcp://ameen-cache.4cruoe.ng.0001.use1.cache.amazonaws.com:6379 failed after 11 failures.Last Error : (1) Connection timed out in /home/cloudpanel/htdocs/ameen.mgtcommerce.com/vendor/colinmollenhour/credis/Client.php:589
Stack trace:
#0 /home/cloudpanel/htdocs/ameen.mgtcommerce.com/vendor/colinmollenhour/credis/Client.php(585): Credis_Client->connect()
#1 /home/cloudpanel/htdocs/ameen.mgtcommerce.com/vendor/colinmollenhour/credis/Client.php(585): Credis_Client->connect()
#2 /home/cloudpanel/htdocs/ameen.mgtcommerce.com/vendor/colinmollenhour/credis/Client.php(585): Credis_Client->connect()
#3 /home/cloudpanel/htdocs/ameen.mgtcommerce.com/vendor/colinmollenhour/credis/Client.php(585): Credis_Client->connect()
#4 /home/cloudpanel/htdocs/ameen.mgtcommerce.com/vendor/colinmollenhour/credis/Client.php(585): Credis_Client->connect()
#5 /home/cloudpanel/htdocs/ameen.mgtcommerce.com/vendor/colinmollenhour/credis/Client.php(585): Credis_Client->connect()
#6 /home/cloudpanel/htdocs/ameen.mgtcommerce.com/vendor/colinmollenhour/credis/Client.php(585): Credis_Client->connect()
#7 /home/cloudpanel/htdocs/ameen.mgtcommerce.com/vendor/colinmollenhour/credis/Client.php(585): Credis_Client->connect()
#8 /home/cloudpanel/htdocs/ameen.mgtcommerce.com/vendor/colinmollenhour/credis/Client.php(585): Credis_Client->connect()
#9 /home/cloudpanel/htdocs/ameen.mgtcommerce.com/vendor/colinmollenhour/credis/Client.php(585): Credis_Client->connect()
#10 /home/cloudpanel/htdocs/ameen.mgtcommerce.com/vendor/colinmollenhour/credis/Client.php(972): Credis_Client->connect()
#11 /home/cloudpanel/htdocs/ameen.mgtcommerce.com/vendor/colinmollenhour/cache-backend-redis/Cm/Cache/Backend/Redis.php(502): Credis_Client->__call()
#12 /home/cloudpanel/htdocs/ameen.mgtcommerce.com/vendor/magento/zend-cache/library/Zend/Cache/Core.php(306): Cm_Cache_Backend_Redis->load()
#13 /home/cloudpanel/htdocs/ameen.mgtcommerce.com/vendor/magento/framework/Cache/Frontend/Adapter/Zend.php(55): Zend_Cache_Core->load()
#14 /home/cloudpanel/htdocs/ameen.mgtcommerce.com/vendor/magento/framework/Cache/Frontend/Decorator/Bare.php(65): Magento\Framework\Cache\Frontend\Adapter\Zend->load()
#15 /home/cloudpanel/htdocs/ameen.mgtcommerce.com/vendor/magento/framework/Cache/Frontend/Decorator/Bare.php(65): Magento\Framework\Cache\Frontend\Decorator\Bare->load()
#16 /home/cloudpanel/htdocs/ameen.mgtcommerce.com/vendor/magento/framework/Cache/Frontend/Decorator/Bare.php(65): Magento\Framework\Cache\Frontend\Decorator\Bare->load()
#17 /home/cloudpanel/htdocs/ameen.mgtcommerce.com/vendor/magento/framework/App/Cache/Type/AccessProxy.php(74): Magento\Framework\Cache\Frontend\Decorator\Bare->load()
#18 /home/cloudpanel/htdocs/ameen.mgtcommerce.com/vendor/magento/framework/Cache/Frontend/Decorator/Bare.php(65): Magento\Framework\App\Cache\Type\AccessProxy->load()
#19 /home/cloudpanel/htdocs/ameen.mgtcommerce.com/vendor/magento/module-config/App/Config/Type/System.php(269): Magento\Framework\Cache\Frontend\Decorator\Bare->load()
#20 /home/cloudpanel/htdocs/ameen.mgtcommerce.com/vendor/magento/framework/Cache/LockGuardedCacheLoader.php(118): Magento\Config\App\Config\Type\System->Magento\Config\App\Config\Type\{closure}()
#21 /home/cloudpanel/htdocs/ameen.mgtcommerce.com/vendor/magento/module-config/App/Config/Type/System.php(277): Magento\Framework\Cache\LockGuardedCacheLoader->lockedLoadData()
#22 /home/cloudpanel/htdocs/ameen.mgtcommerce.com/vendor/magento/module-config/App/Config/Type/System.php(207): Magento\Config\App\Config\Type\System->loadDefaultScopeData()
#23 /home/cloudpanel/htdocs/ameen.mgtcommerce.com/vendor/magento/module-config/App/Config/Type/System.php(181): Magento\Config\App\Config\Type\System->getWithParts()
#24 /home/cloudpanel/htdocs/ameen.mgtcommerce.com/vendor/magento/framework/App/Config.php(132): Magento\Config\App\Config\Type\System->get()
#25 /home/cloudpanel/htdocs/ameen.mgtcommerce.com/vendor/magento/framework/App/Config.php(80): Magento\Framework\App\Config->get()
#26 /home/cloudpanel/htdocs/ameen.mgtcommerce.com/vendor/magento/framework/App/Config.php(93): Magento\Framework\App\Config->getValue()
#27 /home/cloudpanel/htdocs/ameen.mgtcommerce.com/vendor/magento/module-new-relic-reporting/Model/Config.php(94): Magento\Framework\App\Config->isSetFlag()
#28 /home/cloudpanel/htdocs/ameen.mgtcommerce.com/vendor/magento/module-new-relic-reporting/Plugin/HttpPlugin.php(49): Magento\NewRelicReporting\Model\Config->isNewRelicEnabled()
#29 /home/cloudpanel/htdocs/ameen.mgtcommerce.com/vendor/magento/framework/Interception/Interceptor.php(121): Magento\NewRelicReporting\Plugin\HttpPlugin->beforeCatchException()
#30 /home/cloudpanel/htdocs/ameen.mgtcommerce.com/vendor/magento/framework/Interception/Interceptor.php(153): Magento\Framework\App\Http\Interceptor->Magento\Framework\Interception\{closure}()
#31 /home/cloudpanel/htdocs/ameen.mgtcommerce.com/generated/code/Magento/Framework/App/Http/Interceptor.php(23): Magento\Framework\App\Http\Interceptor->___callPlugins()
#32 /home/cloudpanel/htdocs/ameen.mgtcommerce.com/vendor/magento/framework/App/Bootstrap.php(270): Magento\Framework\App\Http\Interceptor->catchException()
#33 /home/cloudpanel/htdocs/ameen.mgtcommerce.com/pub/index.php(30): Magento\Framework\App\Bootstrap->run()
#34 {main} {"exception":"[object] (CredisException(code: 0): Connection to Redis tcp://ameen-cache.4cruoe.ng.0001.use1.cache.amazonaws.com:6379 failed after 11 failures.Last Error : (1) Connection timed out at /home/cloudpanel/htdocs/ameen.mgtcommerce.com/vendor/colinmollenhour/credis/Client.php:589)"} []
[2024-02-19T09:52:25.460237+00:00] main.CRITICAL: CredisException: Connection to Redis tcp://ameen-cache.4cruoe.ng.0001.use1.cache.amazonaws.com:6379 failed after 11 failures.Last Error : (1) Connection timed out in /home/cloudpanel/htdocs/ameen.mgtcommerce.com/vendor/colinmollenhour/credis/Client.php:589
Stack trace:
#0 /home/cloudpanel/htdocs/ameen.mgtcommerce.com/vendor/colinmollenhour/credis/Client.php(585): Credis_Client->connect()
#1 /home/cloudpanel/htdocs/ameen.mgtcommerce.com/vendor/colinmollenhour/credis/Client.php(585): Credis_Client->connect()
#2 /home/cloudpanel/htdocs/ameen.mgtcommerce.com/vendor/colinmollenhour/credis/Client.php(585): Credis_Client->connect()
#3 /home/cloudpanel/htdocs/ameen.mgtcommerce.com/vendor/colinmollenhour/credis/Client.php(585): Credis_Client->connect()
#4 /home/cloudpanel/htdocs/ameen.mgtcommerce.com/vendor/colinmollenhour/credis/Client.php(585): Credis_Client->connect()
#5 /home/cloudpanel/htdocs/ameen.mgtcommerce.com/vendor/colinmollenhour/credis/Client.php(585): Credis_Client->connect()
#6 /home/cloudpanel/htdocs/ameen.mgtcommerce.com/vendor/colinmollenhour/credis/Client.php(585): Credis_Client->connect()
#7 /home/cloudpanel/htdocs/ameen.mgtcommerce.com/vendor/colinmollenhour/credis/Client.php(585): Credis_Client->connect()
#8 /home/cloudpanel/htdocs/ameen.mgtcommerce.com/vendor/colinmollenhour/credis/Client.php(585): Credis_Client->connect()
#9 /home/cloudpanel/htdocs/ameen.mgtcommerce.com/vendor/colinmollenhour/credis/Client.php(585): Credis_Client->connect()
#10 /home/cloudpanel/htdocs/ameen.mgtcommerce.com/vendor/colinmollenhour/credis/Client.php(972): Credis_Client->connect()
#11 /home/cloudpanel/htdocs/ameen.mgtcommerce.com/vendor/colinmollenhour/cache-backend-redis/Cm/Cache/Backend/Redis.php(502): Credis_Client->__call()
#12 /home/cloudpanel/htdocs/ameen.mgtcommerce.com/vendor/magento/zend-cache/library/Zend/Cache/Core.php(306): Cm_Cache_Backend_Redis->load()
#13 /home/cloudpanel/htdocs/ameen.mgtcommerce.com/vendor/magento/framework/Cache/Frontend/Adapter/Zend.php(55): Zend_Cache_Core->load()
#14 /home/cloudpanel/htdocs/ameen.mgtcommerce.com/vendor/magento/framework/Cache/Frontend/Decorator/Bare.php(65): Magento\Framework\Cache\Frontend\Adapter\Zend->load()
#15 /home/cloudpanel/htdocs/ameen.mgtcommerce.com/vendor/magento/framework/Cache/Frontend/Decorator/Bare.php(65): Magento\Framework\Cache\Frontend\Decorator\Bare->load()
#16 /home/cloudpanel/htdocs/ameen.mgtcommerce.com/vendor/magento/framework/Cache/Frontend/Decorator/Bare.php(65): Magento\Framework\Cache\Frontend\Decorator\Bare->load()
#17 /home/cloudpanel/htdocs/ameen.mgtcommerce.com/vendor/magento/framework/App/Cache/Type/AccessProxy.php(74): Magento\Framework\Cache\Frontend\Decorator\Bare->load()
#18 /home/cloudpanel/htdocs/ameen.mgtcommerce.com/vendor/magento/framework/Cache/Frontend/Decorator/Bare.php(65): Magento\Framework\App\Cache\Type\AccessProxy->load()
#19 /home/cloudpanel/htdocs/ameen.mgtcommerce.com/vendor/magento/module-config/App/Config/Type/System.php(269): Magento\Framework\Cache\Frontend\Decorator\Bare->load()
#20 /home/cloudpanel/htdocs/ameen.mgtcommerce.com/vendor/magento/framework/Cache/LockGuardedCacheLoader.php(118): Magento\Config\App\Config\Type\System->Magento\Config\App\Config\Type\{closure}()
#21 /home/cloudpanel/htdocs/ameen.mgtcommerce.com/vendor/magento/module-config/App/Config/Type/System.php(277): Magento\Framework\Cache\LockGuardedCacheLoader->lockedLoadData()
#22 /home/cloudpanel/htdocs/ameen.mgtcommerce.com/vendor/magento/module-config/App/Config/Type/System.php(207): Magento\Config\App\Config\Type\System->loadDefaultScopeData()
#23 /home/cloudpanel/htdocs/ameen.mgtcommerce.com/vendor/magento/module-config/App/Config/Type/System.php(181): Magento\Config\App\Config\Type\System->getWithParts()
#24 /home/cloudpanel/htdocs/ameen.mgtcommerce.com/vendor/magento/framework/App/Config.php(132): Magento\Config\App\Config\Type\System->get()
#25 /home/cloudpanel/htdocs/ameen.mgtcommerce.com/vendor/magento/framework/App/Config.php(80): Magento\Framework\App\Config->get()
#26 /home/cloudpanel/htdocs/ameen.mgtcommerce.com/vendor/magento/framework/App/Config.php(93): Magento\Framework\App\Config->getValue()
#27 /home/cloudpanel/htdocs/ameen.mgtcommerce.com/vendor/magento/module-new-relic-reporting/Model/Config.php(94): Magento\Framework\App\Config->isSetFlag()
#28 /home/cloudpanel/htdocs/ameen.mgtcommerce.com/vendor/magento/module-new-relic-reporting/Plugin/HttpPlugin.php(49): Magento\NewRelicReporting\Model\Config->isNewRelicEnabled()
#29 /home/cloudpanel/htdocs/ameen.mgtcommerce.com/vendor/magento/framework/Interception/Interceptor.php(121): Magento\NewRelicReporting\Plugin\HttpPlugin->beforeCatchException()
#30 /home/cloudpanel/htdocs/ameen.mgtcommerce.com/vendor/magento/framework/Interception/Interceptor.php(153): Magento\Framework\App\Http\Interceptor->Magento\Framework\Interception\{closure}()
#31 /home/cloudpanel/htdocs/ameen.mgtcommerce.com/generated/code/Magento/Framework/App/Http/Interceptor.php(23): Magento\Framework\App\Http\Interceptor->___callPlugins()
#32 /home/cloudpanel/htdocs/ameen.mgtcommerce.com/vendor/magento/framework/App/Bootstrap.php(270): Magento\Framework\App\Http\Interceptor->catchException()
#33 /home/cloudpanel/htdocs/ameen.mgtcommerce.com/pub/index.php(30): Magento\Framework\App\Bootstrap->run()
#34 {main} {"exception":"[object] (CredisException(code: 0): Connection to Redis tcp://ameen-cache.4cruoe.ng.0001.use1.cache.amazonaws.com:6379 failed after 11 failures.Last Error : (1) Connection timed out at /home/cloudpanel/htdocs/ameen.mgtcommerce.com/vendor/colinmollenhour/credis/Client.php:589)"} []
[2024-02-19T10:58:51.838847+00:00] main.CRITICAL: CredisException: Connection to Redis tcp://ameen-cache.4cruoe.ng.0001.use1.cache.amazonaws.com:6379 failed after 11 failures.Last Error : (1) Connection timed out in /home/cloudpanel/htdocs/ameen.mgtcommerce.com/vendor/colinmollenhour/credis/Client.php:589
Stack trace:
#0 /home/cloudpanel/htdocs/ameen.mgtcommerce.com/vendor/colinmollenhour/credis/Client.php(585): Credis_Client->connect()
#1 /home/cloudpanel/htdocs/ameen.mgtcommerce.com/vendor/colinmollenhour/credis/Client.php(585): Credis_Client->connect()
#2 /home/cloudpanel/htdocs/ameen.mgtcommerce.com/vendor/colinmollenhour/credis/Client.php(585): Credis_Client->connect()
#3 /home/cloudpanel/htdocs/ameen.mgtcommerce.com/vendor/colinmollenhour/credis/Client.php(585): Credis_Client->connect()
#4 /home/cloudpanel/htdocs/ameen.mgtcommerce.com/vendor/colinmollenhour/credis/Client.php(585): Credis_Client->connect()
#5 /home/cloudpanel/htdocs/ameen.mgtcommerce.com/vendor/colinmollenhour/credis/Client.php(585): Credis_Client->connect()
#6 /home/cloudpanel/htdocs/ameen.mgtcommerce.com/vendor/colinmollenhour/credis/Client.php(585): Credis_Client->connect()
#7 /home/cloudpanel/htdocs/ameen.mgtcommerce.com/vendor/colinmollenhour/credis/Client.php(585): Credis_Client->connect()
#8 /home/cloudpanel/htdocs/ameen.mgtcommerce.com/vendor/colinmollenhour/credis/Client.php(585): Credis_Client->connect()
#9 /home/cloudpanel/htdocs/ameen.mgtcommerce.com/vendor/colinmollenhour/credis/Client.php(585): Credis_Client->connect()
#10 /home/cloudpanel/htdocs/ameen.mgtcommerce.com/vendor/colinmollenhour/credis/Client.php(972): Credis_Client->connect()
#11 /home/cloudpanel/htdocs/ameen.mgtcommerce.com/vendor/colinmollenhour/cache-backend-redis/Cm/Cache/Backend/Redis.php(502): Credis_Client->__call()
#12 /home/cloudpanel/htdocs/ameen.mgtcommerce.com/vendor/magento/zend-cache/library/Zend/Cache/Core.php(306): Cm_Cache_Backend_Redis->load()
#13 /home/cloudpanel/htdocs/ameen.mgtcommerce.com/vendor/magento/framework/Cache/Frontend/Adapter/Zend.php(55): Zend_Cache_Core->load()
#14 /home/cloudpanel/htdocs/ameen.mgtcommerce.com/vendor/magento/framework/Cache/Frontend/Decorator/Bare.php(65): Magento\Framework\Cache\Frontend\Adapter\Zend->load()
#15 /home/cloudpanel/htdocs/ameen.mgtcommerce.com/vendor/magento/framework/Cache/Frontend/Decorator/Bare.php(65): Magento\Framework\Cache\Frontend\Decorator\Bare->load()
#16 /home/cloudpanel/htdocs/ameen.mgtcommerce.com/vendor/magento/framework/Cache/Frontend/Decorator/Bare.php(65): Magento\Framework\Cache\Frontend\Decorator\Bare->load()
#17 /home/cloudpanel/htdocs/ameen.mgtcommerce.com/vendor/magento/framework/App/Cache/Type/AccessProxy.php(74): Magento\Framework\Cache\Frontend\Decorator\Bare->load()
#18 /home/cloudpanel/htdocs/ameen.mgtcommerce.com/vendor/magento/framework/Cache/Frontend/Decorator/Bare.php(65): Magento\Framework\App\Cache\Type\AccessProxy->load()
#19 /home/cloudpanel/htdocs/ameen.mgtcommerce.com/vendor/magento/module-config/App/Config/Type/System.php(269): Magento\Framework\Cache\Frontend\Decorator\Bare->load()
#20 /home/cloudpanel/htdocs/ameen.mgtcommerce.com/vendor/magento/framework/Cache/LockGuardedCacheLoader.php(118): Magento\Config\App\Config\Type\System->Magento\Config\App\Config\Type\{closure}()
#21 /home/cloudpanel/htdocs/ameen.mgtcommerce.com/vendor/magento/module-config/App/Config/Type/System.php(277): Magento\Framework\Cache\LockGuardedCacheLoader->lockedLoadData()
#22 /home/cloudpanel/htdocs/ameen.mgtcommerce.com/vendor/magento/module-config/App/Config/Type/System.php(207): Magento\Config\App\Config\Type\System->loadDefaultScopeData()
#23 /home/cloudpanel/htdocs/ameen.mgtcommerce.com/vendor/magento/module-config/App/Config/Type/System.php(181): Magento\Config\App\Config\Type\System->getWithParts()
#24 /home/cloudpanel/htdocs/ameen.mgtcommerce.com/vendor/magento/framework/App/Config.php(132): Magento\Config\App\Config\Type\System->get()
#25 /home/cloudpanel/htdocs/ameen.mgtcommerce.com/vendor/magento/framework/App/Config.php(80): Magento\Framework\App\Config->get()
#26 /home/cloudpanel/htdocs/ameen.mgtcommerce.com/vendor/magento/framework/App/Config.php(93): Magento\Framework\App\Config->getValue()
#27 /home/cloudpanel/htdocs/ameen.mgtcommerce.com/vendor/magento/module-new-relic-reporting/Model/Config.php(94): Magento\Framework\App\Config->isSetFlag()
#28 /home/cloudpanel/htdocs/ameen.mgtcommerce.com/vendor/magento/module-new-relic-reporting/Plugin/HttpPlugin.php(49): Magento\NewRelicReporting\Model\Config->isNewRelicEnabled()
#29 /home/cloudpanel/htdocs/ameen.mgtcommerce.com/vendor/magento/framework/Interception/Interceptor.php(121): Magento\NewRelicReporting\Plugin\HttpPlugin->beforeCatchException()
#30 /home/cloudpanel/htdocs/ameen.mgtcommerce.com/vendor/magento/framework/Interception/Interceptor.php(153): Magento\Framework\App\Http\Interceptor->Magento\Framework\Interception\{closure}()
#31 /home/cloudpanel/htdocs/ameen.mgtcommerce.com/generated/code/Magento/Framework/App/Http/Interceptor.php(23): Magento\Framework\App\Http\Interceptor->___callPlugins()
#32 /home/cloudpanel/htdocs/ameen.mgtcommerce.com/vendor/magento/framework/App/Bootstrap.php(270): Magento\Framework\App\Http\Interceptor->catchException()
#33 /home/cloudpanel/htdocs/ameen.mgtcommerce.com/pub/index.php(30): Magento\Framework\App\Bootstrap->run()
#34 {main} {"exception":"[object] (CredisException(code: 0): Connection to Redis tcp://ameen-cache.4cruoe.ng.0001.use1.cache.amazonaws.com:6379 failed after 11 failures.Last Error : (1) Connection timed out at /home/cloudpanel/htdocs/ameen.mgtcommerce.com/vendor/colinmollenhour/credis/Client.php:589)"} []
[2024-02-19T11:50:19.724254+00:00] main.CRITICAL: CredisException: Connection to Redis tcp://ameen-cache.4cruoe.ng.0001.use1.cache.amazonaws.com:6379 failed after 11 failures.Last Error : (1) Connection timed out in /home/cloudpanel/htdocs/ameen.mgtcommerce.com/vendor/colinmollenhour/credis/Client.php:589
Stack trace:
#0 /home/cloudpanel/htdocs/ameen.mgtcommerce.com/vendor/colinmollenhour/credis/Client.php(585): Credis_Client->connect()
#1 /home/cloudpanel/htdocs/ameen.mgtcommerce.com/vendor/colinmollenhour/credis/Client.php(585): Credis_Client->connect()
#2 /home/cloudpanel/htdocs/ameen.mgtcommerce.com/vendor/colinmollenhour/credis/Client.php(585): Credis_Client->connect()
#3 /home/cloudpanel/htdocs/ameen.mgtcommerce.com/vendor/colinmollenhour/credis/Client.php(585): Credis_Client->connect()
#4 /home/cloudpanel/htdocs/ameen.mgtcommerce.com/vendor/colinmollenhour/credis/Client.php(585): Credis_Client->connect()
#5 /home/cloudpanel/htdocs/ameen.mgtcommerce.com/vendor/colinmollenhour/credis/Client.php(585): Credis_Client->connect()
#6 /home/cloudpanel/htdocs/ameen.mgtcommerce.com/vendor/colinmollenhour/credis/Client.php(585): Credis_Client->connect()
#7 /home/cloudpanel/htdocs/ameen.mgtcommerce.com/vendor/colinmollenhour/credis/Client.php(585): Credis_Client->connect()
#8 /home/cloudpanel/htdocs/ameen.mgtcommerce.com/vendor/colinmollenhour/credis/Client.php(585): Credis_Client->connect()
#9 /home/cloudpanel/htdocs/ameen.mgtcommerce.com/vendor/colinmollenhour/credis/Client.php(585): Credis_Client->connect()
#10 /home/cloudpanel/htdocs/ameen.mgtcommerce.com/vendor/colinmollenhour/credis/Client.php(972): Credis_Client->connect()
#11 /home/cloudpanel/htdocs/ameen.mgtcommerce.com/vendor/colinmollenhour/cache-backend-redis/Cm/Cache/Backend/Redis.php(502): Credis_Client->__call()
#12 /home/cloudpanel/htdocs/ameen.mgtcommerce.com/vendor/magento/zend-cache/library/Zend/Cache/Core.php(306): Cm_Cache_Backend_Redis->load()
#13 /home/cloudpanel/htdocs/ameen.mgtcommerce.com/vendor/magento/framework/Cache/Frontend/Adapter/Zend.php(55): Zend_Cache_Core->load()
#14 /home/cloudpanel/htdocs/ameen.mgtcommerce.com/vendor/magento/framework/Cache/Frontend/Decorator/Bare.php(65): Magento\Framework\Cache\Frontend\Adapter\Zend->load()
#15 /home/cloudpanel/htdocs/ameen.mgtcommerce.com/vendor/magento/framework/Cache/Frontend/Decorator/Bare.php(65): Magento\Framework\Cache\Frontend\Decorator\Bare->load()
#16 /home/cloudpanel/htdocs/ameen.mgtcommerce.com/vendor/magento/framework/Cache/Frontend/Decorator/Bare.php(65): Magento\Framework\Cache\Frontend\Decorator\Bare->load()
#17 /home/cloudpanel/htdocs/ameen.mgtcommerce.com/vendor/magento/framework/App/Cache/Type/AccessProxy.php(74): Magento\Framework\Cache\Frontend\Decorator\Bare->load()
#18 /home/cloudpanel/htdocs/ameen.mgtcommerce.com/vendor/magento/framework/Cache/Frontend/Decorator/Bare.php(65): Magento\Framework\App\Cache\Type\AccessProxy->load()
#19 /home/cloudpanel/htdocs/ameen.mgtcommerce.com/vendor/magento/module-config/App/Config/Type/System.php(269): Magento\Framework\Cache\Frontend\Decorator\Bare->load()
#20 /home/cloudpanel/htdocs/ameen.mgtcommerce.com/vendor/magento/framework/Cache/LockGuardedCacheLoader.php(118): Magento\Config\App\Config\Type\System->Magento\Config\App\Config\Type\{closure}()
#21 /home/cloudpanel/htdocs/ameen.mgtcommerce.com/vendor/magento/module-config/App/Config/Type/System.php(277): Magento\Framework\Cache\LockGuardedCacheLoader->lockedLoadData()
#22 /home/cloudpanel/htdocs/ameen.mgtcommerce.com/vendor/magento/module-config/App/Config/Type/System.php(207): Magento\Config\App\Config\Type\System->loadDefaultScopeData()
#23 /home/cloudpanel/htdocs/ameen.mgtcommerce.com/vendor/magento/module-config/App/Config/Type/System.php(181): Magento\Config\App\Config\Type\System->getWithParts()
#24 /home/cloudpanel/htdocs/ameen.mgtcommerce.com/vendor/magento/framework/App/Config.php(132): Magento\Config\App\Config\Type\System->get()
#25 /home/cloudpanel/htdocs/ameen.mgtcommerce.com/vendor/magento/framework/App/Config.php(80): Magento\Framework\App\Config->get()
#26 /home/cloudpanel/htdocs/ameen.mgtcommerce.com/vendor/magento/framework/App/Config.php(93): Magento\Framework\App\Config->getValue()
#27 /home/cloudpanel/htdocs/ameen.mgtcommerce.com/vendor/magento/module-new-relic-reporting/Model/Config.php(94): Magento\Framework\App\Config->isSetFlag()
#28 /home/cloudpanel/htdocs/ameen.mgtcommerce.com/vendor/magento/module-new-relic-reporting/Plugin/HttpPlugin.php(49): Magento\NewRelicReporting\Model\Config->isNewRelicEnabled()
#29 /home/cloudpanel/htdocs/ameen.mgtcommerce.com/vendor/magento/framework/Interception/Interceptor.php(121): Magento\NewRelicReporting\Plugin\HttpPlugin->beforeCatchException()
#30 /home/cloudpanel/htdocs/ameen.mgtcommerce.com/vendor/magento/framework/Interception/Interceptor.php(153): Magento\Framework\App\Http\Interceptor->Magento\Framework\Interception\{closure}()
#31 /home/cloudpanel/htdocs/ameen.mgtcommerce.com/generated/code/Magento/Framework/App/Http/Interceptor.php(23): Magento\Framework\App\Http\Interceptor->___callPlugins()
#32 /home/cloudpanel/htdocs/ameen.mgtcommerce.com/vendor/magento/framework/App/Bootstrap.php(270): Magento\Framework\App\Http\Interceptor->catchException()
#33 /home/cloudpanel/htdocs/ameen.mgtcommerce.com/pub/index.php(30): Magento\Framework\App\Bootstrap->run()
#34 {main} {"exception":"[object] (CredisException(code: 0): Connection to Redis tcp://ameen-cache.4cruoe.ng.0001.use1.cache.amazonaws.com:6379 failed after 11 failures.Last Error : (1) Connection timed out at /home/cloudpanel/htdocs/ameen.mgtcommerce.com/vendor/colinmollenhour/credis/Client.php:589)"} []
[2024-02-19T13:00:18.568231+00:00] main.CRITICAL: PDOException: SQLSTATE[HY000] [2002] Connection timed out in /home/cloudpanel/htdocs/ameen.mgtcommerce.com/vendor/magento/zend-db/library/Zend/Db/Adapter/Pdo/Abstract.php:128
Stack trace:
#0 /home/cloudpanel/htdocs/ameen.mgtcommerce.com/vendor/magento/zend-db/library/Zend/Db/Adapter/Pdo/Abstract.php(128): PDO->__construct()
#1 /home/cloudpanel/htdocs/ameen.mgtcommerce.com/vendor/magento/zend-db/library/Zend/Db/Adapter/Pdo/Mysql.php(111): Zend_Db_Adapter_Pdo_Abstract->_connect()
#2 /home/cloudpanel/htdocs/ameen.mgtcommerce.com/vendor/magento/framework/DB/Adapter/Pdo/Mysql.php(428): Zend_Db_Adapter_Pdo_Mysql->_connect()
#3 /home/cloudpanel/htdocs/ameen.mgtcommerce.com/vendor/magento/zend-db/library/Zend/Db/Adapter/Abstract.php(460): Magento\Framework\DB\Adapter\Pdo\Mysql->_connect()
#4 /home/cloudpanel/htdocs/ameen.mgtcommerce.com/vendor/magento/zend-db/library/Zend/Db/Adapter/Pdo/Abstract.php(242): Zend_Db_Adapter_Abstract->query()
#5 /home/cloudpanel/htdocs/ameen.mgtcommerce.com/vendor/magento/framework/DB/Adapter/Pdo/Mysql.php(564): Zend_Db_Adapter_Pdo_Abstract->query()
#6 /home/cloudpanel/htdocs/ameen.mgtcommerce.com/vendor/magento/framework/DB/Adapter/Pdo/Mysql.php(634): Magento\Framework\DB\Adapter\Pdo\Mysql->_query()
#7 /home/cloudpanel/htdocs/ameen.mgtcommerce.com/vendor/magento/framework/Lock/Backend/Database.php(82): Magento\Framework\DB\Adapter\Pdo\Mysql->query()
#8 /home/cloudpanel/htdocs/ameen.mgtcommerce.com/vendor/magento/framework/Lock/Proxy.php(56): Magento\Framework\Lock\Backend\Database->lock()
#9 /home/cloudpanel/htdocs/ameen.mgtcommerce.com/vendor/magento/framework/Cache/LockGuardedCacheLoader.php(134): Magento\Framework\Lock\Proxy->lock()
#10 /home/cloudpanel/htdocs/ameen.mgtcommerce.com/vendor/magento/module-config/App/Config/Type/System.php(277): Magento\Framework\Cache\LockGuardedCacheLoader->lockedLoadData()
#11 /home/cloudpanel/htdocs/ameen.mgtcommerce.com/vendor/magento/module-config/App/Config/Type/System.php(207): Magento\Config\App\Config\Type\System->loadDefaultScopeData()
#12 /home/cloudpanel/htdocs/ameen.mgtcommerce.com/vendor/magento/module-config/App/Config/Type/System.php(181): Magento\Config\App\Config\Type\System->getWithParts()
#13 /home/cloudpanel/htdocs/ameen.mgtcommerce.com/vendor/magento/framework/App/Config.php(132): Magento\Config\App\Config\Type\System->get()
#14 /home/cloudpanel/htdocs/ameen.mgtcommerce.com/vendor/magento/framework/App/Config.php(80): Magento\Framework\App\Config->get()
#15 /home/cloudpanel/htdocs/ameen.mgtcommerce.com/vendor/magento/framework/App/Config.php(93): Magento\Framework\App\Config->getValue()
#16 /home/cloudpanel/htdocs/ameen.mgtcommerce.com/vendor/magento/module-new-relic-reporting/Model/Config.php(94): Magento\Framework\App\Config->isSetFlag()
#17 /home/cloudpanel/htdocs/ameen.mgtcommerce.com/vendor/magento/module-new-relic-reporting/Plugin/HttpPlugin.php(49): Magento\NewRelicReporting\Model\Config->isNewRelicEnabled()
#18 /home/cloudpanel/htdocs/ameen.mgtcommerce.com/vendor/magento/framework/Interception/Interceptor.php(121): Magento\NewRelicReporting\Plugin\HttpPlugin->beforeCatchException()
#19 /home/cloudpanel/htdocs/ameen.mgtcommerce.com/vendor/magento/framework/Interception/Interceptor.php(153): Magento\Framework\App\Http\Interceptor->Magento\Framework\Interception\{closure}()
#20 /home/cloudpanel/htdocs/ameen.mgtcommerce.com/generated/code/Magento/Framework/App/Http/Interceptor.php(23): Magento\Framework\App\Http\Interceptor->___callPlugins()
#21 /home/cloudpanel/htdocs/ameen.mgtcommerce.com/vendor/magento/framework/App/Bootstrap.php(270): Magento\Framework\App\Http\Interceptor->catchException()
#22 /home/cloudpanel/htdocs/ameen.mgtcommerce.com/pub/index.php(30): Magento\Framework\App\Bootstrap->run()
#23 {main}

Next Zend_Db_Adapter_Exception: SQLSTATE[HY000] [2002] Connection timed out in /home/cloudpanel/htdocs/ameen.mgtcommerce.com/vendor/magento/zend-db/library/Zend/Db/Adapter/Pdo/Abstract.php:148
Stack trace:
#0 /home/cloudpanel/htdocs/ameen.mgtcommerce.com/vendor/magento/zend-db/library/Zend/Db/Adapter/Pdo/Mysql.php(111): Zend_Db_Adapter_Pdo_Abstract->_connect()
#1 /home/cloudpanel/htdocs/ameen.mgtcommerce.com/vendor/magento/framework/DB/Adapter/Pdo/Mysql.php(428): Zend_Db_Adapter_Pdo_Mysql->_connect()
#2 /home/cloudpanel/htdocs/ameen.mgtcommerce.com/vendor/magento/zend-db/library/Zend/Db/Adapter/Abstract.php(460): Magento\Framework\DB\Adapter\Pdo\Mysql->_connect()
#3 /home/cloudpanel/htdocs/ameen.mgtcommerce.com/vendor/magento/zend-db/library/Zend/Db/Adapter/Pdo/Abstract.php(242): Zend_Db_Adapter_Abstract->query()
#4 /home/cloudpanel/htdocs/ameen.mgtcommerce.com/vendor/magento/framework/DB/Adapter/Pdo/Mysql.php(564): Zend_Db_Adapter_Pdo_Abstract->query()
#5 /home/cloudpanel/htdocs/ameen.mgtcommerce.com/vendor/magento/framework/DB/Adapter/Pdo/Mysql.php(634): Magento\Framework\DB\Adapter\Pdo\Mysql->_query()
#6 /home/cloudpanel/htdocs/ameen.mgtcommerce.com/vendor/magento/framework/Lock/Backend/Database.php(82): Magento\Framework\DB\Adapter\Pdo\Mysql->query()
#7 /home/cloudpanel/htdocs/ameen.mgtcommerce.com/vendor/magento/framework/Lock/Proxy.php(56): Magento\Framework\Lock\Backend\Database->lock()
#8 /home/cloudpanel/htdocs/ameen.mgtcommerce.com/vendor/magento/framework/Cache/LockGuardedCacheLoader.php(134): Magento\Framework\Lock\Proxy->lock()
#9 /home/cloudpanel/htdocs/ameen.mgtcommerce.com/vendor/magento/module-config/App/Config/Type/System.php(277): Magento\Framework\Cache\LockGuardedCacheLoader->lockedLoadData()
#10 /home/cloudpanel/htdocs/ameen.mgtcommerce.com/vendor/magento/module-config/App/Config/Type/System.php(207): Magento\Config\App\Config\Type\System->loadDefaultScopeData()
#11 /home/cloudpanel/htdocs/ameen.mgtcommerce.com/vendor/magento/module-config/App/Config/Type/System.php(181): Magento\Config\App\Config\Type\System->getWithParts()
#12 /home/cloudpanel/htdocs/ameen.mgtcommerce.com/vendor/magento/framework/App/Config.php(132): Magento\Config\App\Config\Type\System->get()
#13 /home/cloudpanel/htdocs/ameen.mgtcommerce.com/vendor/magento/framework/App/Config.php(80): Magento\Framework\App\Config->get()
#14 /home/cloudpanel/htdocs/ameen.mgtcommerce.com/vendor/magento/framework/App/Config.php(93): Magento\Framework\App\Config->getValue()
#15 /home/cloudpanel/htdocs/ameen.mgtcommerce.com/vendor/magento/module-new-relic-reporting/Model/Config.php(94): Magento\Framework\App\Config->isSetFlag()
#16 /home/cloudpanel/htdocs/ameen.mgtcommerce.com/vendor/magento/module-new-relic-reporting/Plugin/HttpPlugin.php(49): Magento\NewRelicReporting\Model\Config->isNewRelicEnabled()
#17 /home/cloudpanel/htdocs/ameen.mgtcommerce.com/vendor/magento/framework/Interception/Interceptor.php(121): Magento\NewRelicReporting\Plugin\HttpPlugin->beforeCatchException()
#18 /home/cloudpanel/htdocs/ameen.mgtcommerce.com/vendor/magento/framework/Interception/Interceptor.php(153): Magento\Framework\App\Http\Interceptor->Magento\Framework\Interception\{closure}()
#19 /home/cloudpanel/htdocs/ameen.mgtcommerce.com/generated/code/Magento/Framework/App/Http/Interceptor.php(23): Magento\Framework\App\Http\Interceptor->___callPlugins()
#20 /home/cloudpanel/htdocs/ameen.mgtcommerce.com/vendor/magento/framework/App/Bootstrap.php(270): Magento\Framework\App\Http\Interceptor->catchException()
#21 /home/cloudpanel/htdocs/ameen.mgtcommerce.com/pub/index.php(30): Magento\Framework\App\Bootstrap->run()
#22 {main} {"exception":"[object] (Zend_Db_Adapter_Exception(code: 2002): SQLSTATE[HY000] [2002] Connection timed out at /home/cloudpanel/htdocs/ameen.mgtcommerce.com/vendor/magento/zend-db/library/Zend/Db/Adapter/Pdo/Abstract.php:148)
[previous exception] [object] (PDOException(code: 2002): SQLSTATE[HY000] [2002] Connection timed out at /home/cloudpanel/htdocs/ameen.mgtcommerce.com/vendor/magento/zend-db/library/Zend/Db/Adapter/Pdo/Abstract.php:128)"} []
[2024-02-19T13:00:27.735314+00:00] main.CRITICAL: PDOException: SQLSTATE[HY000] [2002] Connection timed out in /home/cloudpanel/htdocs/ameen.mgtcommerce.com/vendor/magento/zend-db/library/Zend/Db/Adapter/Pdo/Abstract.php:128
Stack trace:
#0 /home/cloudpanel/htdocs/ameen.mgtcommerce.com/vendor/magento/zend-db/library/Zend/Db/Adapter/Pdo/Abstract.php(128): PDO->__construct()
#1 /home/cloudpanel/htdocs/ameen.mgtcommerce.com/vendor/magento/zend-db/library/Zend/Db/Adapter/Pdo/Mysql.php(111): Zend_Db_Adapter_Pdo_Abstract->_connect()
#2 /home/cloudpanel/htdocs/ameen.mgtcommerce.com/vendor/magento/framework/DB/Adapter/Pdo/Mysql.php(428): Zend_Db_Adapter_Pdo_Mysql->_connect()
#3 /home/cloudpanel/htdocs/ameen.mgtcommerce.com/vendor/magento/zend-db/library/Zend/Db/Adapter/Abstract.php(460): Magento\Framework\DB\Adapter\Pdo\Mysql->_connect()
#4 /home/cloudpanel/htdocs/ameen.mgtcommerce.com/vendor/magento/zend-db/library/Zend/Db/Adapter/Pdo/Abstract.php(242): Zend_Db_Adapter_Abstract->query()
#5 /home/cloudpanel/htdocs/ameen.mgtcommerce.com/vendor/magento/framework/DB/Adapter/Pdo/Mysql.php(564): Zend_Db_Adapter_Pdo_Abstract->query()
#6 /home/cloudpanel/htdocs/ameen.mgtcommerce.com/vendor/magento/framework/DB/Adapter/Pdo/Mysql.php(634): Magento\Framework\DB\Adapter\Pdo\Mysql->_query()
#7 /home/cloudpanel/htdocs/ameen.mgtcommerce.com/vendor/magento/framework/Lock/Backend/Database.php(82): Magento\Framework\DB\Adapter\Pdo\Mysql->query()
#8 /home/cloudpanel/htdocs/ameen.mgtcommerce.com/vendor/magento/framework/Lock/Proxy.php(56): Magento\Framework\Lock\Backend\Database->lock()
#9 /home/cloudpanel/htdocs/ameen.mgtcommerce.com/vendor/magento/framework/Cache/LockGuardedCacheLoader.php(134): Magento\Framework\Lock\Proxy->lock()
#10 /home/cloudpanel/htdocs/ameen.mgtcommerce.com/vendor/magento/module-config/App/Config/Type/System.php(277): Magento\Framework\Cache\LockGuardedCacheLoader->lockedLoadData()
#11 /home/cloudpanel/htdocs/ameen.mgtcommerce.com/vendor/magento/module-config/App/Config/Type/System.php(207): Magento\Config\App\Config\Type\System->loadDefaultScopeData()
#12 /home/cloudpanel/htdocs/ameen.mgtcommerce.com/vendor/magento/module-config/App/Config/Type/System.php(181): Magento\Config\App\Config\Type\System->getWithParts()
#13 /home/cloudpanel/htdocs/ameen.mgtcommerce.com/vendor/magento/framework/App/Config.php(132): Magento\Config\App\Config\Type\System->get()
#14 /home/cloudpanel/htdocs/ameen.mgtcommerce.com/vendor/magento/framework/App/Config.php(80): Magento\Framework\App\Config->get()
#15 /home/cloudpanel/htdocs/ameen.mgtcommerce.com/vendor/magento/framework/App/Config.php(93): Magento\Framework\App\Config->getValue()
#16 /home/cloudpanel/htdocs/ameen.mgtcommerce.com/vendor/magento/module-new-relic-reporting/Model/Config.php(94): Magento\Framework\App\Config->isSetFlag()
#17 /home/cloudpanel/htdocs/ameen.mgtcommerce.com/vendor/magento/module-new-relic-reporting/Plugin/HttpPlugin.php(49): Magento\NewRelicReporting\Model\Config->isNewRelicEnabled()
#18 /home/cloudpanel/htdocs/ameen.mgtcommerce.com/vendor/magento/framework/Interception/Interceptor.php(121): Magento\NewRelicReporting\Plugin\HttpPlugin->beforeCatchException()
#19 /home/cloudpanel/htdocs/ameen.mgtcommerce.com/vendor/magento/framework/Interception/Interceptor.php(153): Magento\Framework\App\Http\Interceptor->Magento\Framework\Interception\{closure}()
#20 /home/cloudpanel/htdocs/ameen.mgtcommerce.com/generated/code/Magento/Framework/App/Http/Interceptor.php(23): Magento\Framework\App\Http\Interceptor->___callPlugins()
#21 /home/cloudpanel/htdocs/ameen.mgtcommerce.com/vendor/magento/framework/App/Bootstrap.php(270): Magento\Framework\App\Http\Interceptor->catchException()
#22 /home/cloudpanel/htdocs/ameen.mgtcommerce.com/pub/index.php(30): Magento\Framework\App\Bootstrap->run()
#23 {main}

Next Zend_Db_Adapter_Exception: SQLSTATE[HY000] [2002] Connection timed out in /home/cloudpanel/htdocs/ameen.mgtcommerce.com/vendor/magento/zend-db/library/Zend/Db/Adapter/Pdo/Abstract.php:148
Stack trace:
#0 /home/cloudpanel/htdocs/ameen.mgtcommerce.com/vendor/magento/zend-db/library/Zend/Db/Adapter/Pdo/Mysql.php(111): Zend_Db_Adapter_Pdo_Abstract->_connect()
#1 /home/cloudpanel/htdocs/ameen.mgtcommerce.com/vendor/magento/framework/DB/Adapter/Pdo/Mysql.php(428): Zend_Db_Adapter_Pdo_Mysql->_connect()
#2 /home/cloudpanel/htdocs/ameen.mgtcommerce.com/vendor/magento/zend-db/library/Zend/Db/Adapter/Abstract.php(460): Magento\Framework\DB\Adapter\Pdo\Mysql->_connect()
#3 /home/cloudpanel/htdocs/ameen.mgtcommerce.com/vendor/magento/zend-db/library/Zend/Db/Adapter/Pdo/Abstract.php(242): Zend_Db_Adapter_Abstract->query()
#4 /home/cloudpanel/htdocs/ameen.mgtcommerce.com/vendor/magento/framework/DB/Adapter/Pdo/Mysql.php(564): Zend_Db_Adapter_Pdo_Abstract->query()
#5 /home/cloudpanel/htdocs/ameen.mgtcommerce.com/vendor/magento/framework/DB/Adapter/Pdo/Mysql.php(634): Magento\Framework\DB\Adapter\Pdo\Mysql->_query()
#6 /home/cloudpanel/htdocs/ameen.mgtcommerce.com/vendor/magento/framework/Lock/Backend/Database.php(82): Magento\Framework\DB\Adapter\Pdo\Mysql->query()
#7 /home/cloudpanel/htdocs/ameen.mgtcommerce.com/vendor/magento/framework/Lock/Proxy.php(56): Magento\Framework\Lock\Backend\Database->lock()
#8 /home/cloudpanel/htdocs/ameen.mgtcommerce.com/vendor/magento/framework/Cache/LockGuardedCacheLoader.php(134): Magento\Framework\Lock\Proxy->lock()
#9 /home/cloudpanel/htdocs/ameen.mgtcommerce.com/vendor/magento/module-config/App/Config/Type/System.php(277): Magento\Framework\Cache\LockGuardedCacheLoader->lockedLoadData()
#10 /home/cloudpanel/htdocs/ameen.mgtcommerce.com/vendor/magento/module-config/App/Config/Type/System.php(207): Magento\Config\App\Config\Type\System->loadDefaultScopeData()
#11 /home/cloudpanel/htdocs/ameen.mgtcommerce.com/vendor/magento/module-config/App/Config/Type/System.php(181): Magento\Config\App\Config\Type\System->getWithParts()
#12 /home/cloudpanel/htdocs/ameen.mgtcommerce.com/vendor/magento/framework/App/Config.php(132): Magento\Config\App\Config\Type\System->get()
#13 /home/cloudpanel/htdocs/ameen.mgtcommerce.com/vendor/magento/framework/App/Config.php(80): Magento\Framework\App\Config->get()
#14 /home/cloudpanel/htdocs/ameen.mgtcommerce.com/vendor/magento/framework/App/Config.php(93): Magento\Framework\App\Config->getValue()
#15 /home/cloudpanel/htdocs/ameen.mgtcommerce.com/vendor/magento/module-new-relic-reporting/Model/Config.php(94): Magento\Framework\App\Config->isSetFlag()
#16 /home/cloudpanel/htdocs/ameen.mgtcommerce.com/vendor/magento/module-new-relic-reporting/Plugin/HttpPlugin.php(49): Magento\NewRelicReporting\Model\Config->isNewRelicEnabled()
#17 /home/cloudpanel/htdocs/ameen.mgtcommerce.com/vendor/magento/framework/Interception/Interceptor.php(121): Magento\NewRelicReporting\Plugin\HttpPlugin->beforeCatchException()
#18 /home/cloudpanel/htdocs/ameen.mgtcommerce.com/vendor/magento/framework/Interception/Interceptor.php(153): Magento\Framework\App\Http\Interceptor->Magento\Framework\Interception\{closure}()
#19 /home/cloudpanel/htdocs/ameen.mgtcommerce.com/generated/code/Magento/Framework/App/Http/Interceptor.php(23): Magento\Framework\App\Http\Interceptor->___callPlugins()
#20 /home/cloudpanel/htdocs/ameen.mgtcommerce.com/vendor/magento/framework/App/Bootstrap.php(270): Magento\Framework\App\Http\Interceptor->catchException()
#21 /home/cloudpanel/htdocs/ameen.mgtcommerce.com/pub/index.php(30): Magento\Framework\App\Bootstrap->run()
#22 {main} {"exception":"[object] (Zend_Db_Adapter_Exception(code: 2002): SQLSTATE[HY000] [2002] Connection timed out at /home/cloudpanel/htdocs/ameen.mgtcommerce.com/vendor/magento/zend-db/library/Zend/Db/Adapter/Pdo/Abstract.php:148)
[previous exception] [object] (PDOException(code: 2002): SQLSTATE[HY000] [2002] Connection timed out at /home/cloudpanel/htdocs/ameen.mgtcommerce.com/vendor/magento/zend-db/library/Zend/Db/Adapter/Pdo/Abstract.php:128)"} []
[2024-02-19T13:01:27.796123+00:00] main.CRITICAL: PDOException: SQLSTATE[HY000] [2002] Connection timed out in /home/cloudpanel/htdocs/ameen.mgtcommerce.com/vendor/magento/zend-db/library/Zend/Db/Adapter/Pdo/Abstract.php:128
Stack trace:
#0 /home/cloudpanel/htdocs/ameen.mgtcommerce.com/vendor/magento/zend-db/library/Zend/Db/Adapter/Pdo/Abstract.php(128): PDO->__construct()
#1 /home/cloudpanel/htdocs/ameen.mgtcommerce.com/vendor/magento/zend-db/library/Zend/Db/Adapter/Pdo/Mysql.php(111): Zend_Db_Adapter_Pdo_Abstract->_connect()
#2 /home/cloudpanel/htdocs/ameen.mgtcommerce.com/vendor/magento/framework/DB/Adapter/Pdo/Mysql.php(428): Zend_Db_Adapter_Pdo_Mysql->_connect()
#3 /home/cloudpanel/htdocs/ameen.mgtcommerce.com/vendor/magento/zend-db/library/Zend/Db/Adapter/Abstract.php(460): Magento\Framework\DB\Adapter\Pdo\Mysql->_connect()
#4 /home/cloudpanel/htdocs/ameen.mgtcommerce.com/vendor/magento/zend-db/library/Zend/Db/Adapter/Pdo/Abstract.php(242): Zend_Db_Adapter_Abstract->query()
#5 /home/cloudpanel/htdocs/ameen.mgtcommerce.com/vendor/magento/framework/DB/Adapter/Pdo/Mysql.php(564): Zend_Db_Adapter_Pdo_Abstract->query()
#6 /home/cloudpanel/htdocs/ameen.mgtcommerce.com/vendor/magento/framework/DB/Adapter/Pdo/Mysql.php(634): Magento\Framework\DB\Adapter\Pdo\Mysql->_query()
#7 /home/cloudpanel/htdocs/ameen.mgtcommerce.com/vendor/magento/framework/Lock/Backend/Database.php(82): Magento\Framework\DB\Adapter\Pdo\Mysql->query()
#8 /home/cloudpanel/htdocs/ameen.mgtcommerce.com/vendor/magento/framework/Lock/Proxy.php(56): Magento\Framework\Lock\Backend\Database->lock()
#9 /home/cloudpanel/htdocs/ameen.mgtcommerce.com/vendor/magento/framework/Cache/LockGuardedCacheLoader.php(134): Magento\Framework\Lock\Proxy->lock()
#10 /home/cloudpanel/htdocs/ameen.mgtcommerce.com/vendor/magento/module-config/App/Config/Type/System.php(277): Magento\Framework\Cache\LockGuardedCacheLoader->lockedLoadData()
#11 /home/cloudpanel/htdocs/ameen.mgtcommerce.com/vendor/magento/module-config/App/Config/Type/System.php(207): Magento\Config\App\Config\Type\System->loadDefaultScopeData()
#12 /home/cloudpanel/htdocs/ameen.mgtcommerce.com/vendor/magento/module-config/App/Config/Type/System.php(181): Magento\Config\App\Config\Type\System->getWithParts()
#13 /home/cloudpanel/htdocs/ameen.mgtcommerce.com/vendor/magento/framework/App/Config.php(132): Magento\Config\App\Config\Type\System->get()
#14 /home/cloudpanel/htdocs/ameen.mgtcommerce.com/vendor/magento/framework/App/Config.php(80): Magento\Framework\App\Config->get()
#15 /home/cloudpanel/htdocs/ameen.mgtcommerce.com/vendor/magento/framework/App/Config.php(93): Magento\Framework\App\Config->getValue()
#16 /home/cloudpanel/htdocs/ameen.mgtcommerce.com/vendor/magento/module-new-relic-reporting/Model/Config.php(94): Magento\Framework\App\Config->isSetFlag()
#17 /home/cloudpanel/htdocs/ameen.mgtcommerce.com/vendor/magento/module-new-relic-reporting/Plugin/HttpPlugin.php(49): Magento\NewRelicReporting\Model\Config->isNewRelicEnabled()
#18 /home/cloudpanel/htdocs/ameen.mgtcommerce.com/vendor/magento/framework/Interception/Interceptor.php(121): Magento\NewRelicReporting\Plugin\HttpPlugin->beforeCatchException()
#19 /home/cloudpanel/htdocs/ameen.mgtcommerce.com/vendor/magento/framework/Interception/Interceptor.php(153): Magento\Framework\App\Http\Interceptor->Magento\Framework\Interception\{closure}()
#20 /home/cloudpanel/htdocs/ameen.mgtcommerce.com/generated/code/Magento/Framework/App/Http/Interceptor.php(23): Magento\Framework\App\Http\Interceptor->___callPlugins()
#21 /home/cloudpanel/htdocs/ameen.mgtcommerce.com/vendor/magento/framework/App/Bootstrap.php(270): Magento\Framework\App\Http\Interceptor->catchException()
#22 /home/cloudpanel/htdocs/ameen.mgtcommerce.com/pub/index.php(30): Magento\Framework\App\Bootstrap->run()
#23 {main}

Next Zend_Db_Adapter_Exception: SQLSTATE[HY000] [2002] Connection timed out in /home/cloudpanel/htdocs/ameen.mgtcommerce.com/vendor/magento/zend-db/library/Zend/Db/Adapter/Pdo/Abstract.php:148
Stack trace:
#0 /home/cloudpanel/htdocs/ameen.mgtcommerce.com/vendor/magento/zend-db/library/Zend/Db/Adapter/Pdo/Mysql.php(111): Zend_Db_Adapter_Pdo_Abstract->_connect()
#1 /home/cloudpanel/htdocs/ameen.mgtcommerce.com/vendor/magento/framework/DB/Adapter/Pdo/Mysql.php(428): Zend_Db_Adapter_Pdo_Mysql->_connect()
#2 /home/cloudpanel/htdocs/ameen.mgtcommerce.com/vendor/magento/zend-db/library/Zend/Db/Adapter/Abstract.php(460): Magento\Framework\DB\Adapter\Pdo\Mysql->_connect()
#3 /home/cloudpanel/htdocs/ameen.mgtcommerce.com/vendor/magento/zend-db/library/Zend/Db/Adapter/Pdo/Abstract.php(242): Zend_Db_Adapter_Abstract->query()
#4 /home/cloudpanel/htdocs/ameen.mgtcommerce.com/vendor/magento/framework/DB/Adapter/Pdo/Mysql.php(564): Zend_Db_Adapter_Pdo_Abstract->query()
#5 /home/cloudpanel/htdocs/ameen.mgtcommerce.com/vendor/magento/framework/DB/Adapter/Pdo/Mysql.php(634): Magento\Framework\DB\Adapter\Pdo\Mysql->_query()
#6 /home/cloudpanel/htdocs/ameen.mgtcommerce.com/vendor/magento/framework/Lock/Backend/Database.php(82): Magento\Framework\DB\Adapter\Pdo\Mysql->query()
#7 /home/cloudpanel/htdocs/ameen.mgtcommerce.com/vendor/magento/framework/Lock/Proxy.php(56): Magento\Framework\Lock\Backend\Database->lock()
#8 /home/cloudpanel/htdocs/ameen.mgtcommerce.com/vendor/magento/framework/Cache/LockGuardedCacheLoader.php(134): Magento\Framework\Lock\Proxy->lock()
#9 /home/cloudpanel/htdocs/ameen.mgtcommerce.com/vendor/magento/module-config/App/Config/Type/System.php(277): Magento\Framework\Cache\LockGuardedCacheLoader->lockedLoadData()
#10 /home/cloudpanel/htdocs/ameen.mgtcommerce.com/vendor/magento/module-config/App/Config/Type/System.php(207): Magento\Config\App\Config\Type\System->loadDefaultScopeData()
#11 /home/cloudpanel/htdocs/ameen.mgtcommerce.com/vendor/magento/module-config/App/Config/Type/System.php(181): Magento\Config\App\Config\Type\System->getWithParts()
#12 /home/cloudpanel/htdocs/ameen.mgtcommerce.com/vendor/magento/framework/App/Config.php(132): Magento\Config\App\Config\Type\System->get()
#13 /home/cloudpanel/htdocs/ameen.mgtcommerce.com/vendor/magento/framework/App/Config.php(80): Magento\Framework\App\Config->get()
#14 /home/cloudpanel/htdocs/ameen.mgtcommerce.com/vendor/magento/framework/App/Config.php(93): Magento\Framework\App\Config->getValue()
#15 /home/cloudpanel/htdocs/ameen.mgtcommerce.com/vendor/magento/module-new-relic-reporting/Model/Config.php(94): Magento\Framework\App\Config->isSetFlag()
#16 /home/cloudpanel/htdocs/ameen.mgtcommerce.com/vendor/magento/module-new-relic-reporting/Plugin/HttpPlugin.php(49): Magento\NewRelicReporting\Model\Config->isNewRelicEnabled()
#17 /home/cloudpanel/htdocs/ameen.mgtcommerce.com/vendor/magento/framework/Interception/Interceptor.php(121): Magento\NewRelicReporting\Plugin\HttpPlugin->beforeCatchException()
#18 /home/cloudpanel/htdocs/ameen.mgtcommerce.com/vendor/magento/framework/Interception/Interceptor.php(153): Magento\Framework\App\Http\Interceptor->Magento\Framework\Interception\{closure}()
#19 /home/cloudpanel/htdocs/ameen.mgtcommerce.com/generated/code/Magento/Framework/App/Http/Interceptor.php(23): Magento\Framework\App\Http\Interceptor->___callPlugins()
#20 /home/cloudpanel/htdocs/ameen.mgtcommerce.com/vendor/magento/framework/App/Bootstrap.php(270): Magento\Framework\App\Http\Interceptor->catchException()
#21 /home/cloudpanel/htdocs/ameen.mgtcommerce.com/pub/index.php(30): Magento\Framework\App\Bootstrap->run()
#22 {main} {"exception":"[object] (Zend_Db_Adapter_Exception(code: 2002): SQLSTATE[HY000] [2002] Connection timed out at /home/cloudpanel/htdocs/ameen.mgtcommerce.com/vendor/magento/zend-db/library/Zend/Db/Adapter/Pdo/Abstract.php:148)
[previous exception] [object] (PDOException(code: 2002): SQLSTATE[HY000] [2002] Connection timed out at /home/cloudpanel/htdocs/ameen.mgtcommerce.com/vendor/magento/zend-db/library/Zend/Db/Adapter/Pdo/Abstract.php:128)"} []
[2024-02-19T13:09:57.917976+00:00] main.CRITICAL: PDOException: SQLSTATE[HY000] [2002] Connection timed out in /home/cloudpanel/htdocs/ameen.mgtcommerce.com/vendor/magento/zend-db/library/Zend/Db/Adapter/Pdo/Abstract.php:128
Stack trace:
#0 /home/cloudpanel/htdocs/ameen.mgtcommerce.com/vendor/magento/zend-db/library/Zend/Db/Adapter/Pdo/Abstract.php(128): PDO->__construct()
#1 /home/cloudpanel/htdocs/ameen.mgtcommerce.com/vendor/magento/zend-db/library/Zend/Db/Adapter/Pdo/Mysql.php(111): Zend_Db_Adapter_Pdo_Abstract->_connect()
#2 /home/cloudpanel/htdocs/ameen.mgtcommerce.com/vendor/magento/framework/DB/Adapter/Pdo/Mysql.php(428): Zend_Db_Adapter_Pdo_Mysql->_connect()
#3 /home/cloudpanel/htdocs/ameen.mgtcommerce.com/vendor/magento/zend-db/library/Zend/Db/Adapter/Abstract.php(460): Magento\Framework\DB\Adapter\Pdo\Mysql->_connect()
#4 /home/cloudpanel/htdocs/ameen.mgtcommerce.com/vendor/magento/zend-db/library/Zend/Db/Adapter/Pdo/Abstract.php(242): Zend_Db_Adapter_Abstract->query()
#5 /home/cloudpanel/htdocs/ameen.mgtcommerce.com/vendor/magento/framework/DB/Adapter/Pdo/Mysql.php(564): Zend_Db_Adapter_Pdo_Abstract->query()
#6 /home/cloudpanel/htdocs/ameen.mgtcommerce.com/vendor/magento/framework/DB/Adapter/Pdo/Mysql.php(634): Magento\Framework\DB\Adapter\Pdo\Mysql->_query()
#7 /home/cloudpanel/htdocs/ameen.mgtcommerce.com/vendor/magento/framework/Lock/Backend/Database.php(82): Magento\Framework\DB\Adapter\Pdo\Mysql->query()
#8 /home/cloudpanel/htdocs/ameen.mgtcommerce.com/vendor/magento/framework/Lock/Proxy.php(56): Magento\Framework\Lock\Backend\Database->lock()
#9 /home/cloudpanel/htdocs/ameen.mgtcommerce.com/vendor/magento/framework/Cache/LockGuardedCacheLoader.php(134): Magento\Framework\Lock\Proxy->lock()
#10 /home/cloudpanel/htdocs/ameen.mgtcommerce.com/vendor/magento/module-config/App/Config/Type/System.php(277): Magento\Framework\Cache\LockGuardedCacheLoader->lockedLoadData()
#11 /home/cloudpanel/htdocs/ameen.mgtcommerce.com/vendor/magento/module-config/App/Config/Type/System.php(207): Magento\Config\App\Config\Type\System->loadDefaultScopeData()
#12 /home/cloudpanel/htdocs/ameen.mgtcommerce.com/vendor/magento/module-config/App/Config/Type/System.php(181): Magento\Config\App\Config\Type\System->getWithParts()
#13 /home/cloudpanel/htdocs/ameen.mgtcommerce.com/vendor/magento/framework/App/Config.php(132): Magento\Config\App\Config\Type\System->get()
#14 /home/cloudpanel/htdocs/ameen.mgtcommerce.com/vendor/magento/framework/App/Config.php(80): Magento\Framework\App\Config->get()
#15 /home/cloudpanel/htdocs/ameen.mgtcommerce.com/vendor/magento/framework/App/Config.php(93): Magento\Framework\App\Config->getValue()
#16 /home/cloudpanel/htdocs/ameen.mgtcommerce.com/vendor/magento/module-new-relic-reporting/Model/Config.php(94): Magento\Framework\App\Config->isSetFlag()
#17 /home/cloudpanel/htdocs/ameen.mgtcommerce.com/vendor/magento/module-new-relic-reporting/Plugin/HttpPlugin.php(49): Magento\NewRelicReporting\Model\Config->isNewRelicEnabled()
#18 /home/cloudpanel/htdocs/ameen.mgtcommerce.com/vendor/magento/framework/Interception/Interceptor.php(121): Magento\NewRelicReporting\Plugin\HttpPlugin->beforeCatchException()
#19 /home/cloudpanel/htdocs/ameen.mgtcommerce.com/vendor/magento/framework/Interception/Interceptor.php(153): Magento\Framework\App\Http\Interceptor->Magento\Framework\Interception\{closure}()
#20 /home/cloudpanel/htdocs/ameen.mgtcommerce.com/generated/code/Magento/Framework/App/Http/Interceptor.php(23): Magento\Framework\App\Http\Interceptor->___callPlugins()
#21 /home/cloudpanel/htdocs/ameen.mgtcommerce.com/vendor/magento/framework/App/Bootstrap.php(270): Magento\Framework\App\Http\Interceptor->catchException()
#22 /home/cloudpanel/htdocs/ameen.mgtcommerce.com/pub/index.php(30): Magento\Framework\App\Bootstrap->run()
#23 {main}

Next Zend_Db_Adapter_Exception: SQLSTATE[HY000] [2002] Connection timed out in /home/cloudpanel/htdocs/ameen.mgtcommerce.com/vendor/magento/zend-db/library/Zend/Db/Adapter/Pdo/Abstract.php:148
Stack trace:
#0 /home/cloudpanel/htdocs/ameen.mgtcommerce.com/vendor/magento/zend-db/library/Zend/Db/Adapter/Pdo/Mysql.php(111): Zend_Db_Adapter_Pdo_Abstract->_connect()
#1 /home/cloudpanel/htdocs/ameen.mgtcommerce.com/vendor/magento/framework/DB/Adapter/Pdo/Mysql.php(428): Zend_Db_Adapter_Pdo_Mysql->_connect()
#2 /home/cloudpanel/htdocs/ameen.mgtcommerce.com/vendor/magento/zend-db/library/Zend/Db/Adapter/Abstract.php(460): Magento\Framework\DB\Adapter\Pdo\Mysql->_connect()
#3 /home/cloudpanel/htdocs/ameen.mgtcommerce.com/vendor/magento/zend-db/library/Zend/Db/Adapter/Pdo/Abstract.php(242): Zend_Db_Adapter_Abstract->query()
#4 /home/cloudpanel/htdocs/ameen.mgtcommerce.com/vendor/magento/framework/DB/Adapter/Pdo/Mysql.php(564): Zend_Db_Adapter_Pdo_Abstract->query()
#5 /home/cloudpanel/htdocs/ameen.mgtcommerce.com/vendor/magento/framework/DB/Adapter/Pdo/Mysql.php(634): Magento\Framework\DB\Adapter\Pdo\Mysql->_query()
#6 /home/cloudpanel/htdocs/ameen.mgtcommerce.com/vendor/magento/framework/Lock/Backend/Database.php(82): Magento\Framework\DB\Adapter\Pdo\Mysql->query()
#7 /home/cloudpanel/htdocs/ameen.mgtcommerce.com/vendor/magento/framework/Lock/Proxy.php(56): Magento\Framework\Lock\Backend\Database->lock()
#8 /home/cloudpanel/htdocs/ameen.mgtcommerce.com/vendor/magento/framework/Cache/LockGuardedCacheLoader.php(134): Magento\Framework\Lock\Proxy->lock()
#9 /home/cloudpanel/htdocs/ameen.mgtcommerce.com/vendor/magento/module-config/App/Config/Type/System.php(277): Magento\Framework\Cache\LockGuardedCacheLoader->lockedLoadData()
#10 /home/cloudpanel/htdocs/ameen.mgtcommerce.com/vendor/magento/module-config/App/Config/Type/System.php(207): Magento\Config\App\Config\Type\System->loadDefaultScopeData()
#11 /home/cloudpanel/htdocs/ameen.mgtcommerce.com/vendor/magento/module-config/App/Config/Type/System.php(181): Magento\Config\App\Config\Type\System->getWithParts()
#12 /home/cloudpanel/htdocs/ameen.mgtcommerce.com/vendor/magento/framework/App/Config.php(132): Magento\Config\App\Config\Type\System->get()
#13 /home/cloudpanel/htdocs/ameen.mgtcommerce.com/vendor/magento/framework/App/Config.php(80): Magento\Framework\App\Config->get()
#14 /home/cloudpanel/htdocs/ameen.mgtcommerce.com/vendor/magento/framework/App/Config.php(93): Magento\Framework\App\Config->getValue()
#15 /home/cloudpanel/htdocs/ameen.mgtcommerce.com/vendor/magento/module-new-relic-reporting/Model/Config.php(94): Magento\Framework\App\Config->isSetFlag()
#16 /home/cloudpanel/htdocs/ameen.mgtcommerce.com/vendor/magento/module-new-relic-reporting/Plugin/HttpPlugin.php(49): Magento\NewRelicReporting\Model\Config->isNewRelicEnabled()
#17 /home/cloudpanel/htdocs/ameen.mgtcommerce.com/vendor/magento/framework/Interception/Interceptor.php(121): Magento\NewRelicReporting\Plugin\HttpPlugin->beforeCatchException()
#18 /home/cloudpanel/htdocs/ameen.mgtcommerce.com/vendor/magento/framework/Interception/Interceptor.php(153): Magento\Framework\App\Http\Interceptor->Magento\Framework\Interception\{closure}()
#19 /home/cloudpanel/htdocs/ameen.mgtcommerce.com/generated/code/Magento/Framework/App/Http/Interceptor.php(23): Magento\Framework\App\Http\Interceptor->___callPlugins()
#20 /home/cloudpanel/htdocs/ameen.mgtcommerce.com/vendor/magento/framework/App/Bootstrap.php(270): Magento\Framework\App\Http\Interceptor->catchException()
#21 /home/cloudpanel/htdocs/ameen.mgtcommerce.com/pub/index.php(30): Magento\Framework\App\Bootstrap->run()
#22 {main} {"exception":"[object] (Zend_Db_Adapter_Exception(code: 2002): SQLSTATE[HY000] [2002] Connection timed out at /home/cloudpanel/htdocs/ameen.mgtcommerce.com/vendor/magento/zend-db/library/Zend/Db/Adapter/Pdo/Abstract.php:148)
[previous exception] [object] (PDOException(code: 2002): SQLSTATE[HY000] [2002] Connection timed out at /home/cloudpanel/htdocs/ameen.mgtcommerce.com/vendor/magento/zend-db/library/Zend/Db/Adapter/Pdo/Abstract.php:128)"} []
